<?xml version="1.0" encoding="UTF-8"?>
<testng-results skipped="0" failed="0" ignored="0" total="1" passed="1">
  <reporter-output>
  </reporter-output>
  <suite name="Suite" duration-ms="84587" started-at="2020-02-27T14:49:48 IST" finished-at="2020-02-27T14:51:12 IST">
    <groups>
    </groups>
    <test name="Test1" duration-ms="84587" started-at="2020-02-27T14:49:48 IST" finished-at="2020-02-27T14:51:12 IST">
      <class name="com.abc.testngprog.CrossBrowserDemo">
        <test-method status="PASS" signature="select(java.lang.String)[pri:0, instance:com.abc.testngprog.CrossBrowserDemo@4e9ba398]" name="select" is-config="true" duration-ms="21399" started-at="2020-02-27T14:49:48 IST" finished-at="2020-02-27T14:50:09 IST">
          <params>
            <param index="0">
              <value>
                <![CDATA[firefox]]>
              </value>
            </param>
          </params>
          <reporter-output>
          </reporter-output>
        </test-method> <!-- select -->
        <test-method status="PASS" signature="testcase1()[pri:0, instance:com.abc.testngprog.CrossBrowserDemo@4e9ba398]" name="testcase1" duration-ms="63172" started-at="2020-02-27T14:50:09 IST" finished-at="2020-02-27T14:51:12 IST">
          <reporter-output>
          </reporter-output>
        </test-method> <!-- testcase1 -->
      </class> <!-- com.abc.testngprog.CrossBrowserDemo -->
    </test> <!-- Test1 -->
  </suite> <!-- Suite -->
</testng-results>
